<?xml version="1.0" encoding="UTF-8"?>
<!-- Generated by org.testng.reporters.JUnitReportReporter -->
<testsuite hostname="LIN-DNLYV64" failures="0" tests="1" name="test.day4" time="0.001" errors="0" timestamp="2025-07-17T20:01:59 IST" skipped="0">
  <testcase classname="test.day4" name="LoginApiCarLoan" time="0.001"/>
</testsuite> <!-- test.day4 -->
