<?xml version="1.0" encoding="UTF-8"?>
<!-- Generated by org.testng.reporters.JUnitReportReporter -->
<testsuite hostname="LIN-DNLYV64" failures="0" tests="2" name="test.day1" time="0.011" errors="0" timestamp="2025-07-17T20:01:59 IST" skipped="0">
  <testcase classname="test.day1" name="demo" time="0.008"/>
  <testcase classname="test.day1" name="demo2" time="0.003"/>
</testsuite> <!-- test.day1 -->
