<?xml version="1.0" encoding="UTF-8"?>
<!-- Generated by org.testng.reporters.JUnitReportReporter -->
<testsuite hostname="LIN-DNLYV64" failures="0" tests="5" name="test.day2" time="0.009" errors="0" timestamp="2025-07-17T20:01:59 IST" skipped="0">
  <testcase classname="test.day2" name="ploan" time="0.001"/>
  <testcase classname="test.day2" name="ploan" time="0.002"/>
  <testcase classname="test.day2" name="ploan" time="0.002"/>
  <testcase classname="test.day2" name="ploan" time="0.002"/>
  <testcase classname="test.day2" name="ploan" time="0.002"/>
</testsuite> <!-- test.day2 -->
